<?xml version="1.0" encoding="UTF-8"?>
<testng-results skipped="0" failed="0" ignored="0" total="1" passed="1">
  <reporter-output>
  </reporter-output>
  <suite name="Default suite" duration-ms="46614" started-at="2022-01-04T07:11:52Z" finished-at="2022-01-04T07:12:39Z">
    <groups>
    </groups>
    <test name="Default test" duration-ms="46614" started-at="2022-01-04T07:11:52Z" finished-at="2022-01-04T07:12:39Z">
      <class name="testNGGG.Sample2">
        <test-method status="PASS" signature="lanuchbrowser()[pri:0, instance:testNGGG.Sample2@3abbfa04]" name="lanuchbrowser" is-config="true" duration-ms="33670" started-at="2022-01-04T07:11:52Z" finished-at="2022-01-04T07:12:26Z">
          <reporter-output>
          </reporter-output>
        </test-method> <!-- lanuchbrowser -->
        <test-method status="PASS" signature="test1()[pri:0, instance:testNGGG.Sample2@3abbfa04]" name="test1" duration-ms="10017" started-at="2022-01-04T07:12:26Z" finished-at="2022-01-04T07:12:36Z">
          <reporter-output>
          </reporter-output>
        </test-method> <!-- test1 -->
        <test-method status="PASS" signature="closebrowser()[pri:0, instance:testNGGG.Sample2@3abbfa04]" name="closebrowser" is-config="true" duration-ms="2825" started-at="2022-01-04T07:12:36Z" finished-at="2022-01-04T07:12:39Z">
          <reporter-output>
          </reporter-output>
        </test-method> <!-- closebrowser -->
      </class> <!-- testNGGG.Sample2 -->
    </test> <!-- Default test -->
  </suite> <!-- Default suite -->
</testng-results>
